\BOOKMARK [0][-]{section*.12}{\376\377\000L\000i\000s\000t\000\040\000o\000f\000\040\000F\000i\000g\000u\000r\000e\000s}{}% 1
\BOOKMARK [0][-]{section*.13}{\376\377\000L\000i\000s\000t\000\040\000o\000f\000\040\000T\000a\000b\000l\000e\000s}{}% 2
\BOOKMARK [0][-]{chapter.14}{\376\377\0001\000\040\000I\000n\000t\000r\000o\000d\000u\000\347\000\343\000o}{}% 3
\BOOKMARK [1][-]{section.15}{\376\377\0001\000.\0001\000\040\000J\000u\000s\000t\000i\000f\000i\000c\000a\000t\000i\000v\000a}{chapter.14}% 4
\BOOKMARK [1][-]{section.16}{\376\377\0001\000.\0002\000\040\000O\000b\000j\000e\000t\000i\000v\000o\000s}{chapter.14}% 5
\BOOKMARK [2][-]{subsection.17}{\376\377\0001\000.\0002\000.\0001\000\040\000O\000b\000j\000e\000t\000i\000v\000o\000\040\000G\000e\000r\000a\000l}{section.16}% 6
\BOOKMARK [2][-]{subsection.18}{\376\377\0001\000.\0002\000.\0002\000\040\000O\000b\000j\000e\000t\000i\000v\000o\000s\000\040\000E\000s\000p\000e\000c\000\355\000f\000i\000c\000o\000s}{section.16}% 7
\BOOKMARK [1][-]{section.21}{\376\377\0001\000.\0003\000\040\000M\000e\000t\000o\000d\000o\000l\000o\000g\000i\000a}{chapter.14}% 8
\BOOKMARK [1][-]{section.23}{\376\377\0001\000.\0004\000\040\000C\000r\000o\000n\000o\000g\000r\000a\000m\000a}{chapter.14}% 9
\BOOKMARK [0][-]{chapter.25}{\376\377\0002\000\040\000F\000u\000n\000d\000a\000m\000e\000n\000t\000a\000\347\000\343\000o\000\040\000T\000e\000\363\000r\000i\000c\000a}{}% 10
\BOOKMARK [1][-]{section.26}{\376\377\0002\000.\0001\000\040\000T\000\351\000c\000n\000i\000c\000a\000s\000\040\000d\000e\000\040\000T\000e\000s\000t\000e\000\040\000d\000e\000\040\000S\000o\000f\000t\000w\000a\000r\000e}{chapter.25}% 11
\BOOKMARK [2][-]{subsection.27}{\376\377\0002\000.\0001\000.\0001\000\040\000T\000\351\000c\000n\000i\000c\000a\000s\000\040\000d\000e\000\040\000T\000e\000s\000t\000e\000\040\000F\000u\000n\000c\000i\000o\000n\000a\000l}{section.26}% 12
\BOOKMARK [2][-]{subsection.28}{\376\377\0002\000.\0001\000.\0002\000\040\000T\000\351\000c\000n\000i\000c\000a\000s\000\040\000d\000e\000\040\000T\000e\000s\000t\000e\000\040\000E\000s\000t\000r\000u\000t\000u\000r\000a\000l}{section.26}% 13
\BOOKMARK [3][-]{section*.30}{\376\377\000T\000\351\000c\000n\000i\000c\000a\000s\000\040\000d\000e\000\040\000T\000e\000s\000t\000e\000\040\000B\000a\000s\000e\000a\000d\000a\000\040\000e\000m\000\040\000D\000e\000f\000e\000i\000t\000o\000s}{subsection.28}% 14
\BOOKMARK [2][-]{subsection.31}{\376\377\0002\000.\0001\000.\0003\000\040\000C\000r\000i\000t\000\351\000r\000i\000o\000s\000\040\000d\000e\000\040\000T\000e\000s\000t\000e}{section.26}% 15
\BOOKMARK [3][-]{section*.32}{\376\377\000C\000r\000i\000t\000\351\000r\000i\000o\000s\000\040\000d\000e\000\040\000T\000e\000s\000t\000e\000\040\000F\000u\000n\000c\000i\000o\000n\000a\000l}{subsection.31}% 16
\BOOKMARK [3][-]{section*.40}{\376\377\000C\000r\000i\000t\000\351\000r\000i\000o\000s\000\040\000d\000e\000\040\000T\000e\000s\000t\000e\000\040\000E\000s\000t\000r\000u\000t\000u\000r\000a\000l}{subsection.31}% 17
\BOOKMARK [2][-]{subsection.41}{\376\377\0002\000.\0001\000.\0004\000\040\000N\000\355\000v\000e\000i\000s\000\040\000d\000e\000\040\000T\000e\000s\000t\000e}{section.26}% 18
\BOOKMARK [3][-]{section*.43}{\376\377\000T\000e\000s\000t\000e\000\040\000U\000n\000i\000t\000\341\000r\000i\000o}{subsection.41}% 19
\BOOKMARK [3][-]{section*.44}{\376\377\000T\000e\000s\000t\000e\000\040\000d\000e\000\040\000I\000n\000t\000e\000g\000r\000a\000\347\000\343\000o}{subsection.41}% 20
\BOOKMARK [3][-]{section*.45}{\376\377\000T\000e\000s\000t\000e\000\040\000d\000e\000\040\000S\000i\000s\000t\000e\000m\000a}{subsection.41}% 21
\BOOKMARK [3][-]{section*.46}{\376\377\000T\000e\000s\000t\000e\000\040\000d\000e\000\040\000A\000c\000e\000i\000t\000a\000\347\000\343\000o}{subsection.41}% 22
\BOOKMARK [2][-]{subsection.47}{\376\377\0002\000.\0001\000.\0005\000\040\000T\000i\000p\000o\000s\000\040\000d\000e\000\040\000T\000e\000s\000t\000e}{section.26}% 23
\BOOKMARK [3][-]{section*.48}{\376\377\000T\000e\000s\000t\000e\000\040\000d\000e\000\040\000P\000e\000r\000f\000o\000r\000m\000a\000n\000c\000e}{subsection.47}% 24
\BOOKMARK [3][-]{section*.49}{\376\377\000T\000e\000s\000t\000e\000\040\000d\000e\000\040\000C\000a\000r\000g\000a}{subsection.47}% 25
\BOOKMARK [3][-]{section*.50}{\376\377\000T\000e\000s\000t\000e\000\040\000d\000e\000\040\000E\000s\000t\000r\000e\000s\000s\000e}{subsection.47}% 26
\BOOKMARK [3][-]{section*.51}{\376\377\000T\000e\000s\000t\000e\000\040\000d\000e\000\040\000R\000e\000g\000r\000e\000s\000s\000\343\000o}{subsection.47}% 27
\BOOKMARK [1][-]{section.52}{\376\377\0002\000.\0002\000\040\000F\000e\000r\000r\000a\000m\000e\000n\000t\000a\000s\000\040\000d\000e\000\040\000T\000e\000s\000t\000e}{chapter.25}% 28
\BOOKMARK [1][-]{section.53}{\376\377\0002\000.\0003\000\040\000T\000e\000s\000t\000e\000\040\000d\000e\000\040\000S\000o\000f\000t\000w\000a\000r\000e\000\040\000e\000\040\000I\000n\000t\000e\000l\000i\000g\000\352\000n\000c\000i\000a\000\040\000A\000r\000t\000i\000f\000i\000c\000i\000a\000l}{chapter.25}% 29
\BOOKMARK [0][-]{chapter.54}{\376\377\0003\000\040\000D\000e\000s\000c\000r\000i\000\347\000\343\000o\000\040\000d\000a\000\040\000c\000l\000a\000s\000s\000e\000\040\000i\000n\000f\000-\000u\000f\000g}{}% 30
\BOOKMARK [1][-]{section.55}{\376\377\0003\000.\0001\000\040\000\040\000D\000e\000s\000c\000r\000i\000\347\000\343\000o\000\040\000d\000o\000\040\000P\000r\000o\000j\000e\000t\000o}{chapter.54}% 31
\BOOKMARK [1][-]{section.56}{\376\377\0003\000.\0002\000\040\000C\000o\000n\000t\000e\000x\000t\000o\000\040\000d\000a\000\040\000A\000p\000l\000i\000c\000a\000\347\000\343\000o\000\040\000d\000e\000\040\000T\000e\000s\000t\000e\000s}{chapter.54}% 32
\BOOKMARK [1][-]{section.58}{\376\377\0003\000.\0003\000\040\000A\000r\000q\000u\000i\000t\000e\000t\000u\000r\000a\000\040\000e\000\040\000E\000s\000t\000r\000u\000t\000u\000r\000a\000\040\000d\000o\000\040\000P\000r\000o\000j\000e\000t\000o}{chapter.54}% 33
\BOOKMARK [1][-]{section.59}{\376\377\0003\000.\0004\000\040\000T\000e\000c\000n\000o\000l\000o\000g\000i\000a\000s\000\040\000U\000t\000i\000l\000i\000z\000a\000d\000a\000s}{chapter.54}% 34
\BOOKMARK [2][-]{subsection.60}{\376\377\0003\000.\0004\000.\0001\000\040\000R\000o\000b\000o\000t\000\040\000F\000r\000a\000m\000e\000w\000o\000r\000k}{section.59}% 35
\BOOKMARK [2][-]{subsection.61}{\376\377\0003\000.\0004\000.\0002\000\040\000S\000e\000l\000e\000n\000i\000u\000m\000\040\000W\000e\000b\000D\000r\000i\000v\000e\000r\000\040\000e\000\040\000S\000e\000l\000e\000n\000i\000u\000m\000L\000i\000b\000r\000a\000r\000y}{section.59}% 36
\BOOKMARK [2][-]{subsection.62}{\376\377\0003\000.\0004\000.\0003\000\040\000A\000P\000I\000\040\000G\000e\000m\000i\000n\000i}{section.59}% 37
\BOOKMARK [2][-]{subsection.63}{\376\377\0003\000.\0004\000.\0004\000\040\000G\000i\000t\000H\000u\000b\000\040\000e\000\040\000G\000i\000t\000H\000u\000b\000\040\000I\000s\000s\000u\000e\000s}{section.59}% 38
\BOOKMARK [1][-]{section.64}{\376\377\0003\000.\0005\000\040\000F\000l\000u\000x\000o\000\040\000d\000e\000\040\000E\000x\000e\000c\000u\000\347\000\343\000o\000\040\000d\000o\000s\000\040\000T\000e\000s\000t\000e\000s\000\040\000c\000o\000m\000\040\000I\000A}{chapter.54}% 39
\BOOKMARK [2][-]{subsection.65}{\376\377\0003\000.\0005\000.\0001\000\040\000E\000t\000a\000p\000a\000\040\0001\000:\000\040\000I\000n\000i\000c\000i\000a\000l\000i\000z\000a\000\347\000\343\000o\000\040\000d\000o\000\040\000T\000e\000s\000t\000e}{section.64}% 40
\BOOKMARK [2][-]{subsection.66}{\376\377\0003\000.\0005\000.\0002\000\040\000E\000t\000a\000p\000a\000\040\0002\000:\000\040\000E\000x\000e\000c\000u\000\347\000\343\000o\000\040\000d\000a\000s\000\040\000A\000\347\000\365\000e\000s\000\040\000e\000\040\000V\000a\000l\000i\000d\000a\000\347\000\343\000o}{section.64}% 41
\BOOKMARK [2][-]{subsection.67}{\376\377\0003\000.\0005\000.\0003\000\040\000E\000t\000a\000p\000a\000\040\0003\000:\000\040\000A\000n\000\341\000l\000i\000s\000e\000\040\000A\000u\000t\000o\000m\000\341\000t\000i\000c\000a\000\040\000d\000a\000\040\000F\000a\000l\000h\000a\000\040\000c\000o\000m\000\040\000I\000A}{section.64}% 42
